# JRE version: OpenJDK Runtime Environment (8.0_212-b04) (build 1.8.0_212-release-1586-b04)
# Java VM: OpenJDK 64-Bit Server VM (25.212-b04 mixed mode windows-amd64 compressed oops)
Heap:
 PSYoungGen      total 56832K, used 19655K [0x0000000781180000, 0x0000000788080000, 0x00000007c0000000)
  eden space 49152K, 39% used [0x0000000781180000,0x00000007824b1e90,0x0000000784180000)
  from space 7680K, 0% used [0x0000000784900000,0x0000000784900000,0x0000000785080000)
  to   space 7680K, 0% used [0x0000000784180000,0x0000000784180000,0x0000000784900000)
 ParOldGen       total 97792K, used 12195K [0x0000000703400000, 0x0000000709380000, 0x0000000781180000)
  object space 97792K, 12% used [0x0000000703400000,0x0000000703fe8e08,0x0000000709380000)
 Metaspace       used 22010K, capacity 22458K, committed 22832K, reserved 1069056K
  class space    used 2635K, capacity 2761K, committed 2864K, reserved 1048576K
GC Heap History (6 events):
Event: 0.707 GC heap before
{Heap before GC invocations=1 (full 0):
 PSYoungGen      total 56832K, used 49152K [0x0000000781180000, 0x0000000785080000, 0x00000007c0000000)
  eden space 49152K, 100% used [0x0000000781180000,0x0000000784180000,0x0000000784180000)
  from space 7680K, 0% used [0x0000000784900000,0x0000000784900000,0x0000000785080000)
  to   space 7680K, 0% used [0x0000000784180000,0x0000000784180000,0x0000000784900000)
 ParOldGen       total 130048K, used 0K [0x0000000703400000, 0x000000070b300000, 0x0000000781180000)
  object space 130048K, 0% used [0x0000000703400000,0x0000000703400000,0x000000070b300000)
 Metaspace       used 12062K, capacity 12350K, committed 12544K, reserved 1060864K
  class space    used 1354K, capacity 1461K, committed 1536K, reserved 1048576K
Event: 0.713 GC heap after
Heap after GC invocations=1 (full 0):
 PSYoungGen      total 56832K, used 7674K [0x0000000781180000, 0x0000000785080000, 0x00000007c0000000)
  eden space 49152K, 0% used [0x0000000781180000,0x0000000781180000,0x0000000784180000)
  from space 7680K, 99% used [0x0000000784180000,0x00000007848fe920,0x0000000784900000)
  to   space 7680K, 0% used [0x0000000784900000,0x0000000784900000,0x0000000785080000)
 ParOldGen       total 130048K, used 3953K [0x0000000703400000, 0x000000070b300000, 0x0000000781180000)
  object space 130048K, 3% used [0x0000000703400000,0x00000007037dc6d0,0x000000070b300000)
 Metaspace       used 12062K, capacity 12350K, committed 12544K, reserved 1060864K
  class space    used 1354K, capacity 1461K, committed 1536K, reserved 1048576K
}
Event: 1.090 GC heap before
{Heap before GC invocations=2 (full 0):
 PSYoungGen      total 56832K, used 43478K [0x0000000781180000, 0x0000000785080000, 0x00000007c0000000)
  eden space 49152K, 72% used [0x0000000781180000,0x0000000783477160,0x0000000784180000)
  from space 7680K, 99% used [0x0000000784180000,0x00000007848fe920,0x0000000784900000)
  to   space 7680K, 0% used [0x0000000784900000,0x0000000784900000,0x0000000785080000)
 ParOldGen       total 130048K, used 3953K [0x0000000703400000, 0x000000070b300000, 0x0000000781180000)
  object space 130048K, 3% used [0x0000000703400000,0x00000007037dc6d0,0x000000070b300000)
 Metaspace       used 20768K, capacity 21158K, committed 21296K, reserved 1069056K
  class space    used 2465K, capacity 2589K, committed 2608K, reserved 1048576K
Event: 1.096 GC heap after
Heap after GC invocations=2 (full 0):
 PSYoungGen      total 56832K, used 7659K [0x0000000781180000, 0x0000000788080000, 0x00000007c0000000)
  eden space 49152K, 0% used [0x0000000781180000,0x0000000781180000,0x0000000784180000)
  from space 7680K, 99% used [0x0000000784900000,0x000000078507ae28,0x0000000785080000)
  to   space 7680K, 0% used [0x0000000784180000,0x0000000784180000,0x0000000784900000)
 ParOldGen       total 130048K, used 8989K [0x0000000703400000, 0x000000070b300000, 0x0000000781180000)
  object space 130048K, 6% used [0x0000000703400000,0x0000000703cc7638,0x000000070b300000)
 Metaspace       used 20768K, capacity 21158K, committed 21296K, reserved 1069056K
  class space    used 2465K, capacity 2589K, committed 2608K, reserved 1048576K
}
Event: 1.096 GC heap before
{Heap before GC invocations=3 (full 1):
 PSYoungGen      total 56832K, used 7659K [0x0000000781180000, 0x0000000788080000, 0x00000007c0000000)
  eden space 49152K, 0% used [0x0000000781180000,0x0000000781180000,0x0000000784180000)
  from space 7680K, 99% used [0x0000000784900000,0x000000078507ae28,0x0000000785080000)
  to   space 7680K, 0% used [0x0000000784180000,0x0000000784180000,0x0000000784900000)
 ParOldGen       total 130048K, used 8989K [0x0000000703400000, 0x000000070b300000, 0x0000000781180000)
  object space 130048K, 6% used [0x0000000703400000,0x0000000703cc7638,0x000000070b300000)
 Metaspace       used 20768K, capacity 21158K, committed 21296K, reserved 1069056K
  class space    used 2465K, capacity 2589K, committed 2608K, reserved 1048576K
Event: 1.118 GC heap after
Heap after GC invocations=3 (full 1):
 PSYoungGen      total 56832K, used 0K [0x0000000781180000, 0x0000000788080000, 0x00000007c0000000)
  eden space 49152K, 0% used [0x0000000781180000,0x0000000781180000,0x0000000784180000)
  from space 7680K, 0% used [0x0000000784900000,0x0000000784900000,0x0000000785080000)
  to   space 7680K, 0% used [0x0000000784180000,0x0000000784180000,0x0000000784900000)
 ParOldGen       total 97792K, used 12195K [0x0000000703400000, 0x0000000709380000, 0x0000000781180000)
  object space 97792K, 12% used [0x0000000703400000,0x0000000703fe8e08,0x0000000709380000)
 Metaspace       used 20768K, capacity 21158K, committed 21296K, reserved 1069056K
  class space    used 2465K, capacity 2589K, committed 2608K, reserved 1048576K
}

